#
# There is insufficient memory for the Java Runtime Environment to continue.
# Native memory allocation (malloc) failed to allocate 212496 bytes for Chunk::new
# Possible reasons:
#   The system is out of physical RAM or swap space
#   The process is running with CompressedOops enabled, and the Java Heap may be blocking the growth of the native heap
# Possible solutions:
#   Reduce memory load on the system
#   Increase physical memory or swap space
#   Check if swap backing store is full
#   Decrease Java heap size (-Xmx/-Xms)
#   Decrease number of Java threads
#   Decrease Java thread stack sizes (-Xss)
#   Set larger code cache with -XX:ReservedCodeCacheSize=
#   JVM is running with Unscaled Compressed Oops mode in which the Java heap is
#     placed in the first 4GB address space. The Java Heap base address is the
#     maximum limit for the native heap growth. Please use -XX:HeapBaseMinAddress
#     to set the Java Heap base and to place the Java Heap above 4GB virtual address.
# This output file may be truncated or incomplete.
#
#  Out of Memory Error (allocation.cpp:389), pid=2132, tid=0x00000000000008c0
#
# JRE version: OpenJDK Runtime Environment (8.0_212-b04) (build 1.8.0_212-release-1586-b04)
# Java VM: OpenJDK 64-Bit Server VM (25.212-b04 mixed mode windows-amd64 compressed oops)
# Failed to write core dump. Minidumps are not enabled by default on client versions of Windows
#

---------------  T H R E A D  ---------------

Current thread (0x0000000056178800):  JavaThread "C2 CompilerThread1" daemon [_thread_in_native, id=2240, stack(0x0000000058050000,0x0000000058150000)]

Stack: [0x0000000058050000,0x0000000058150000]
[error occurred during error reporting (printing stack bounds), id 0xc0000005]

Native frames: (J=compiled Java code, j=interpreted, Vv=VM code, C=native code)


Current CompileTask:
C2:   2095 1348   !   4       java.lang.ClassLoader::loadClass (122 bytes)


---------------  P R O C E S S  ---------------

Java Threads: ( => current thread )
  0x0000000059f51800 JavaThread "Thread-9" [_thread_blocked, id=5848, stack(0x000000005c090000,0x000000005c190000)]
  0x0000000059f43000 JavaThread "Stdin handler" [_thread_blocked, id=5228, stack(0x000000005bf00000,0x000000005c000000)]
  0x0000000059f4d000 JavaThread "Asynchronous log dispatcher for DefaultDaemonConnection: socket connection from /127.0.0.1:50309 to /127.0.0.1:50310" [_thread_blocked, id=3924, stack(0x000000005bd70000,0x000000005be70000)]
  0x0000000059f0c000 JavaThread "Daemon worker" [_thread_blocked, id=5812, stack(0x000000005bc40000,0x000000005bd40000)]
  0x0000000059f45000 JavaThread "Cancel handler" [_thread_blocked, id=4944, stack(0x000000005bb30000,0x000000005bc30000)]
  0x0000000059f13000 JavaThread "Handler for socket connection from /127.0.0.1:50309 to /127.0.0.1:50310" [_thread_in_native, id=4632, stack(0x000000005b730000,0x000000005b830000)]
  0x0000000059eda000 JavaThread "Daemon" [_thread_blocked, id=8176, stack(0x000000005b5c0000,0x000000005b6c0000)]
  0x0000000059eb5000 JavaThread "Daemon periodic checks" [_thread_blocked, id=5332, stack(0x000000005b390000,0x000000005b490000)]
  0x0000000059e6d800 JavaThread "Incoming local TCP Connector on port 50309" [_thread_in_native, id=6372, stack(0x000000005b1d0000,0x000000005b2d0000)]
  0x0000000059dd4800 JavaThread "Daemon health stats" [_thread_blocked, id=6276, stack(0x000000005ad10000,0x000000005ae10000)]
  0x0000000057b4d800 JavaThread "Service Thread" daemon [_thread_blocked, id=6636, stack(0x00000000583a0000,0x00000000584a0000)]
  0x0000000057af4000 JavaThread "C1 CompilerThread2" daemon [_thread_blocked, id=7020, stack(0x00000000581c0000,0x00000000582c0000)]
=>0x0000000056178800 JavaThread "C2 CompilerThread1" daemon [_thread_in_native, id=2240, stack(0x0000000058050000,0x0000000058150000)]
  0x000000005616f800 JavaThread "C2 CompilerThread0" daemon [_thread_blocked, id=7360, stack(0x00000000579d0000,0x0000000057ad0000)]
  0x000000005617e000 JavaThread "Attach Listener" daemon [_thread_blocked, id=3644, stack(0x0000000057790000,0x0000000057890000)]
  0x000000005617c800 JavaThread "Signal Dispatcher" daemon [_thread_blocked, id=7692, stack(0x00000000575e0000,0x00000000576e0000)]
  0x000000005615a800 JavaThread "Finalizer" daemon [_thread_blocked, id=5564, stack(0x00000000573f0000,0x00000000574f0000)]
  0x0000000056151000 JavaThread "Reference Handler" daemon [_thread_blocked, id=5124, stack(0x00000000570c0000,0x00000000571c0000)]
  0x00000000001fe000 JavaThread "main" [_thread_blocked, id=3520, stack(0x00000000022d0000,0x00000000023d0000)]

Other Threads:
  0x0000000056109800 VMThread [stack: 0x0000000057200000,0x0000000057300000] [id=7180]
  0x0000000057b2b000 WatcherThread [stack: 0x0000000057f00000,0x0000000058000000] [id=8128]

VM state:at safepoint (normal execution)

VM Mutex/Monitor currently owned by a thread:  ([mutex/lock_event])
[0x00000000001fc880] Threads_lock - owner thread: 0x0000000056109800
[0x00000000001fcd80] Heap_lock - owner thread: 0x0000000059f0c000

heap address: 0x00000000a0000000, size: 1536 MB, Compressed Oops mode: 32-bit
Narrow klass base: 0x0000000000000000, Narrow klass shift: 0
Compressed class space size: 1073741824 Address: 0x0000000015780000

Heap:
 PSYoungGen      total 35328K, used 2544K [0x00000000e0000000, 0x00000000e2500000, 0x0000000100000000)
  eden space 32768K, 0% used [0x00000000e0000000,0x00000000e0000000,0x00000000e2000000)
  from space 2560K, 99% used [0x00000000e2280000,0x00000000e24fc010,0x00000000e2500000)
  to   space 2560K, 0% used [0x00000000e2000000,0x00000000e2000000,0x00000000e2280000)
 ParOldGen       total 44032K, used 5594K [0x00000000a0000000, 0x00000000a2b00000, 0x00000000e0000000)
  object space 44032K, 12% used [0x00000000a0000000,0x00000000a0576a00,0x00000000a2b00000)
 Metaspace       used 12646K, capacity 13038K, committed 13184K, reserved 1064960K
  class space    used 1717K, capacity 1835K, committed 1920K, reserved 1048576K

Card table byte_map: [0x0000000011a60000,0x0000000011d70000] byte_map_base: 0x0000000011560000

Marking Bits: (ParMarkBitMap*) 0x0000000065f99f30
 Begin Bits: [0x0000000012480000, 0x0000000013c80000)
 End Bits:   [0x0000000013c80000, 0x0000000015480000)

Polling page: 0x0000000000240000

CodeCache: size=245760Kb used=4681Kb max_used=4694Kb free=241078Kb
 bounds [0x00000000026a0000, 0x0000000002b40000, 0x00000000116a0000]
 total_blobs=1727 nmethods=1352 adapters=288
 compilation: enabled

Compilation events (10 events):
Event: 2.079 Thread 0x0000000057af4000 nmethod 1350 0x0000000002b311d0 code [0x0000000002b31360, 0x0000000002b31808]
Event: 2.079 Thread 0x0000000057af4000 1352       3       java.io.OutputStream::<init> (5 bytes)
Event: 2.080 Thread 0x0000000057af4000 nmethod 1352 0x0000000002b30dd0 code [0x0000000002b30f40, 0x0000000002b310f0]
Event: 2.085 Thread 0x0000000057af4000 1353       3       java.util.jar.JavaUtilJarAccessImpl::getTrustedAttributes (6 bytes)
Event: 2.085 Thread 0x0000000057af4000 nmethod 1353 0x0000000002b309d0 code [0x0000000002b30b40, 0x0000000002b30ce8]
Event: 2.085 Thread 0x000000005616f800 nmethod 1346% 0x0000000002b33910 code [0x0000000002b33aa0, 0x0000000002b34848]
Event: 2.085 Thread 0x000000005616f800 1349       4       java.nio.DirectLongBufferU::put (18 bytes)
Event: 2.086 Thread 0x000000005616f800 nmethod 1349 0x0000000002b35b90 code [0x0000000002b35cc0, 0x0000000002b35d58]
Event: 2.086 Thread 0x000000005616f800 1351       4       sun.misc.ProxyGenerator$ConstantPool$IndirectEntry::hashCode (15 bytes)
Event: 2.086 Thread 0x000000005616f800 nmethod 1351 0x0000000002b35990 code [0x0000000002b35ac0, 0x0000000002b35b18]

GC Heap History (10 events):
Event: 0.810 GC heap before
{Heap before GC invocations=1 (full 0):
 PSYoungGen      total 18944K, used 16384K [0x00000000e0000000, 0x00000000e1500000, 0x0000000100000000)
  eden space 16384K, 100% used [0x00000000e0000000,0x00000000e1000000,0x00000000e1000000)
  from space 2560K, 0% used [0x00000000e1280000,0x00000000e1280000,0x00000000e1500000)
  to   space 2560K, 0% used [0x00000000e1000000,0x00000000e1000000,0x00000000e1280000)
 ParOldGen       total 44032K, used 0K [0x00000000a0000000, 0x00000000a2b00000, 0x00000000e0000000)
  object space 44032K, 0% used [0x00000000a0000000,0x00000000a0000000,0x00000000a2b00000)
 Metaspace       used 6047K, capacity 6212K, committed 6528K, reserved 1056768K
  class space    used 728K, capacity 780K, committed 896K, reserved 1048576K
Event: 0.814 GC heap after
Heap after GC invocations=1 (full 0):
 PSYoungGen      total 18944K, used 2539K [0x00000000e0000000, 0x00000000e1500000, 0x0000000100000000)
  eden space 16384K, 0% used [0x00000000e0000000,0x00000000e0000000,0x00000000e1000000)
  from space 2560K, 99% used [0x00000000e1000000,0x00000000e127ac58,0x00000000e1280000)
  to   space 2560K, 0% used [0x00000000e1280000,0x00000000e1280000,0x00000000e1500000)
 ParOldGen       total 44032K, used 76K [0x00000000a0000000, 0x00000000a2b00000, 0x00000000e0000000)
  object space 44032K, 0% used [0x00000000a0000000,0x00000000a0013130,0x00000000a2b00000)
 Metaspace       used 6047K, capacity 6212K, committed 6528K, reserved 1056768K
  class space    used 728K, capacity 780K, committed 896K, reserved 1048576K
}
Event: 1.126 GC heap before
{Heap before GC invocations=2 (full 0):
 PSYoungGen      total 18944K, used 18923K [0x00000000e0000000, 0x00000000e1500000, 0x0000000100000000)
  eden space 16384K, 100% used [0x00000000e0000000,0x00000000e1000000,0x00000000e1000000)
  from space 2560K, 99% used [0x00000000e1000000,0x00000000e127ac58,0x00000000e1280000)
  to   space 2560K, 0% used [0x00000000e1280000,0x00000000e1280000,0x00000000e1500000)
 ParOldGen       total 44032K, used 76K [0x00000000a0000000, 0x00000000a2b00000, 0x00000000e0000000)
  object space 44032K, 0% used [0x00000000a0000000,0x00000000a0013130,0x00000000a2b00000)
 Metaspace       used 6979K, capacity 7204K, committed 7424K, reserved 1056768K
  class space    used 857K, capacity 940K, committed 1024K, reserved 1048576K
Event: 1.155 GC heap after
Heap after GC invocations=2 (full 0):
 PSYoungGen      total 18944K, used 2551K [0x00000000e0000000, 0x00000000e2500000, 0x0000000100000000)
  eden space 16384K, 0% used [0x00000000e0000000,0x00000000e0000000,0x00000000e1000000)
  from space 2560K, 99% used [0x00000000e1280000,0x00000000e14fdfc0,0x00000000e1500000)
  to   space 2560K, 0% used [0x00000000e1000000,0x00000000e1000000,0x00000000e1280000)
 ParOldGen       total 44032K, used 667K [0x00000000a0000000, 0x00000000a2b00000, 0x00000000e0000000)
  object space 44032K, 1% used [0x00000000a0000000,0x00000000a00a6f30,0x00000000a2b00000)
 Metaspace       used 6979K, capacity 7204K, committed 7424K, reserved 1056768K
  class space    used 857K, capacity 940K, committed 1024K, reserved 1048576K
}
Event: 1.298 GC heap before
{Heap before GC invocations=3 (full 0):
 PSYoungGen      total 18944K, used 18935K [0x00000000e0000000, 0x00000000e2500000, 0x0000000100000000)
  eden space 16384K, 100% used [0x00000000e0000000,0x00000000e1000000,0x00000000e1000000)
  from space 2560K, 99% used [0x00000000e1280000,0x00000000e14fdfc0,0x00000000e1500000)
  to   space 2560K, 0% used [0x00000000e1000000,0x00000000e1000000,0x00000000e1280000)
 ParOldGen       total 44032K, used 667K [0x00000000a0000000, 0x00000000a2b00000, 0x00000000e0000000)
  object space 44032K, 1% used [0x00000000a0000000,0x00000000a00a6f30,0x00000000a2b00000)
 Metaspace       used 7085K, capacity 7268K, committed 7424K, reserved 1056768K
  class space    used 865K, capacity 940K, committed 1024K, reserved 1048576K
Event: 1.300 GC heap after
Heap after GC invocations=3 (full 0):
 PSYoungGen      total 18944K, used 2248K [0x00000000e0000000, 0x00000000e2500000, 0x0000000100000000)
  eden space 16384K, 0% used [0x00000000e0000000,0x00000000e0000000,0x00000000e1000000)
  from space 2560K, 87% used [0x00000000e1000000,0x00000000e1232360,0x00000000e1280000)
  to   space 2560K, 0% used [0x00000000e2280000,0x00000000e2280000,0x00000000e2500000)
 ParOldGen       total 44032K, used 675K [0x00000000a0000000, 0x00000000a2b00000, 0x00000000e0000000)
  object space 44032K, 1% used [0x00000000a0000000,0x00000000a00a8f30,0x00000000a2b00000)
 Metaspace       used 7085K, capacity 7268K, committed 7424K, reserved 1056768K
  class space    used 865K, capacity 940K, committed 1024K, reserved 1048576K
}
Event: 1.431 GC heap before
{Heap before GC invocations=4 (full 0):
 PSYoungGen      total 18944K, used 18632K [0x00000000e0000000, 0x00000000e2500000, 0x0000000100000000)
  eden space 16384K, 100% used [0x00000000e0000000,0x00000000e1000000,0x00000000e1000000)
  from space 2560K, 87% used [0x00000000e1000000,0x00000000e1232360,0x00000000e1280000)
  to   space 2560K, 0% used [0x00000000e2280000,0x00000000e2280000,0x00000000e2500000)
 ParOldGen       total 44032K, used 675K [0x00000000a0000000, 0x00000000a2b00000, 0x00000000e0000000)
  object space 44032K, 1% used [0x00000000a0000000,0x00000000a00a8f30,0x00000000a2b00000)
 Metaspace       used 7339K, capacity 7582K, committed 7680K, reserved 1056768K
  class space    used 909K, capacity 981K, committed 1024K, reserved 1048576K
Event: 1.436 GC heap after
Heap after GC invocations=4 (full 0):
 PSYoungGen      total 35328K, used 2528K [0x00000000e0000000, 0x00000000e2500000, 0x0000000100000000)
  eden space 32768K, 0% used [0x00000000e0000000,0x00000000e0000000,0x00000000e2000000)
  from space 2560K, 98% used [0x00000000e2280000,0x00000000e24f8020,0x00000000e2500000)
  to   space 2560K, 0% used [0x00000000e2000000,0x00000000e2000000,0x00000000e2280000)
 ParOldGen       total 44032K, used 1345K [0x00000000a0000000, 0x00000000a2b00000, 0x00000000e0000000)
  object space 44032K, 3% used [0x00000000a0000000,0x00000000a0150480,0x00000000a2b00000)
 Metaspace       used 7339K, capacity 7582K, committed 7680K, reserved 1056768K
  class space    used 909K, capacity 981K, committed 1024K, reserved 1048576K
}
Event: 2.040 GC heap before
{Heap before GC invocations=5 (full 0):
 PSYoungGen      total 35328K, used 35296K [0x00000000e0000000, 0x00000000e2500000, 0x0000000100000000)
  eden space 32768K, 100% used [0x00000000e0000000,0x00000000e2000000,0x00000000e2000000)
  from space 2560K, 98% used [0x00000000e2280000,0x00000000e24f8020,0x00000000e2500000)
  to   space 2560K, 0% used [0x00000000e2000000,0x00000000e2000000,0x00000000e2280000)
 ParOldGen       total 44032K, used 1345K [0x00000000a0000000, 0x00000000a2b00000, 0x00000000e0000000)
  object space 44032K, 3% used [0x00000000a0000000,0x00000000a0150480,0x00000000a2b00000)
 Metaspace       used 12288K, capacity 12750K, committed 12928K, reserved 1060864K
  class space    used 1646K, capacity 1803K, committed 1920K, reserved 1048576K
Event: 2.048 GC heap after
Heap after GC invocations=5 (full 0):
 PSYoungGen      total 35328K, used 2560K [0x00000000e0000000, 0x00000000e2500000, 0x0000000100000000)
  eden space 32768K, 0% used [0x00000000e0000000,0x00000000e0000000,0x00000000e2000000)
  from space 2560K, 100% used [0x00000000e2000000,0x00000000e2280000,0x00000000e2280000)
  to   space 2560K, 0% used [0x00000000e2280000,0x00000000e2280000,0x00000000e2500000)
 ParOldGen       total 44032K, used 4975K [0x00000000a0000000, 0x00000000a2b00000, 0x00000000e0000000)
  object space 44032K, 11% used [0x00000000a0000000,0x00000000a04dbcf0,0x00000000a2b00000)
 Metaspace       used 12288K, capacity 12750K, committed 12928K, reserved 1060864K
  class space    used 1646K, capacity 1803K, committed 1920K, reserved 1048576K
}

Deoptimization events (10 events):
Event: 0.678 Thread 0x00000000001fe000 Uncommon trap: reason=unstable_if action=reinterpret pc=0x0000000002804e70 method=java.util.regex.Matcher.reset()Ljava/util/regex/Matcher; @ 47
Event: 1.472 Thread 0x00000000001fe000 Uncommon trap: reason=class_check action=maybe_recompile pc=0x00000000029317c8 method=java.util.regex.Matcher.match(II)Z @ 86
Event: 1.584 Thread 0x00000000001fe000 Uncommon trap: reason=unstable_if action=reinterpret pc=0x0000000002927db8 method=java.util.HashMap.getNode(ILjava/lang/Object;)Ljava/util/HashMap$Node; @ 129
Event: 1.584 Thread 0x00000000001fe000 Uncommon trap: reason=bimorphic action=maybe_recompile pc=0x00000000028cadac method=java.util.HashMap.putVal(ILjava/lang/Object;Ljava/lang/Object;ZZ)Ljava/lang/Object; @ 203
Event: 1.689 Thread 0x00000000001fe000 Uncommon trap: reason=unstable_if action=reinterpret pc=0x0000000002954e90 method=java.io.WinNTFileSystem.normalize(Ljava/lang/String;)Ljava/lang/String; @ 128
Event: 1.874 Thread 0x0000000059f13000 Uncommon trap: reason=unstable_if action=reinterpret pc=0x0000000002a5f78c method=java.util.concurrent.ConcurrentHashMap.putVal(Ljava/lang/Object;Ljava/lang/Object;Z)Ljava/lang/Object; @ 206
Event: 1.967 Thread 0x0000000059f0c000 Uncommon trap: reason=bimorphic action=maybe_recompile pc=0x00000000028cad68 method=java.util.HashMap.putVal(ILjava/lang/Object;Ljava/lang/Object;ZZ)Ljava/lang/Object; @ 253
Event: 1.968 Thread 0x0000000059f0c000 Uncommon trap: reason=bimorphic action=maybe_recompile pc=0x00000000028cad68 method=java.util.HashMap.putVal(ILjava/lang/Object;Ljava/lang/Object;ZZ)Ljava/lang/Object; @ 253
Event: 1.968 Thread 0x0000000059f0c000 Uncommon trap: reason=bimorphic action=maybe_recompile pc=0x00000000028cad68 method=java.util.HashMap.putVal(ILjava/lang/Object;Ljava/lang/Object;ZZ)Ljava/lang/Object; @ 253
Event: 1.968 Thread 0x0000000059f0c000 Uncommon trap: reason=bimorphic action=maybe_recompile pc=0x00000000028cd384 method=java.util.HashMap.putVal(ILjava/lang/Object;Ljava/lang/Object;ZZ)Ljava/lang/Object; @ 253

Classes redefined (0 events):
No events

Internal exceptions (10 events):
Event: 1.878 Thread 0x0000000059f13000 Exception <a 'java/lang/NoSuchMethodError': <clinit>> (0x00000000e188cb68) thrown at [D:\src\AOSP-openjdk-cygwin\jdk8u\hotspot\src\share\vm\prims\jni.cpp, line 1614]
Event: 1.880 Thread 0x0000000059f13000 Exception <a 'java/lang/NoSuchMethodError': <clinit>> (0x00000000e18a22c8) thrown at [D:\src\AOSP-openjdk-cygwin\jdk8u\hotspot\src\share\vm\prims\jni.cpp, line 1614]
Event: 1.887 Thread 0x0000000059f13000 Exception <a 'java/lang/NoSuchMethodError': <clinit>> (0x00000000e18b54a8) thrown at [D:\src\AOSP-openjdk-cygwin\jdk8u\hotspot\src\share\vm\prims\jni.cpp, line 1614]
Event: 1.893 Thread 0x0000000059f13000 Exception <a 'java/lang/NoSuchMethodError': <clinit>> (0x00000000e18dc858) thrown at [D:\src\AOSP-openjdk-cygwin\jdk8u\hotspot\src\share\vm\prims\jni.cpp, line 1614]
Event: 1.895 Thread 0x0000000059f13000 Exception <a 'java/lang/NoSuchMethodError': <clinit>> (0x00000000e18f4828) thrown at [D:\src\AOSP-openjdk-cygwin\jdk8u\hotspot\src\share\vm\prims\jni.cpp, line 1614]
Event: 1.896 Thread 0x0000000059f13000 Exception <a 'java/lang/NoSuchMethodError': <clinit>> (0x00000000e18fd4b8) thrown at [D:\src\AOSP-openjdk-cygwin\jdk8u\hotspot\src\share\vm\prims\jni.cpp, line 1614]
Event: 1.900 Thread 0x0000000059f13000 Exception <a 'java/lang/NoSuchMethodError': <clinit>> (0x00000000e1913b00) thrown at [D:\src\AOSP-openjdk-cygwin\jdk8u\hotspot\src\share\vm\prims\jni.cpp, line 1614]
Event: 1.919 Thread 0x0000000059f13000 Exception <a 'java/lang/NoSuchMethodError': <clinit>> (0x00000000e197cfa8) thrown at [D:\src\AOSP-openjdk-cygwin\jdk8u\hotspot\src\share\vm\prims\jni.cpp, line 1614]
Event: 1.926 Thread 0x0000000059f13000 Exception <a 'java/lang/NoSuchMethodError': <clinit>> (0x00000000e19a9b10) thrown at [D:\src\AOSP-openjdk-cygwin\jdk8u\hotspot\src\share\vm\prims\jni.cpp, line 1614]
Event: 1.942 Thread 0x0000000059f13000 Exception <a 'java/lang/NoSuchMethodError': <clinit>> (0x00000000e19c7630) thrown at [D:\src\AOSP-openjdk-cygwin\jdk8u\hotspot\src\share\vm\prims\jni.cpp, line 1614]

Events (10 events):
Event: 2.090 loading class org/gradle/tooling/internal/protocol/events/InternalPluginIdentifier
Event: 2.090 loading class org/gradle/tooling/internal/protocol/events/InternalPluginIdentifier done
Event: 2.090 loading class org/gradle/tooling/internal/protocol/events/InternalBinaryPluginIdentifier
Event: 2.090 loading class org/gradle/tooling/internal/protocol/events/InternalBinaryPluginIdentifier done
Event: 2.090 loading class org/gradle/tooling/internal/protocol/events/InternalScriptPluginIdentifier
Event: 2.090 loading class org/gradle/tooling/internal/protocol/events/InternalScriptPluginIdentifier done
Event: 2.091 loading class org/gradle/tooling/internal/provider/runner/TaskOriginTracker
Event: 2.091 loading class org/gradle/tooling/internal/provider/runner/TaskOriginTracker done
Event: 2.091 loading class org/gradle/tooling/internal/provider/runner/ClientForwardingTaskOperationListener
Event: 2.091 loading class org/gradle/tooling/internal/provider/runner/ClientForwardingTaskOperationListener done


Dynamic libraries:
0x000000013fed0000 - 0x000000013ff01000 	C:\Program Files\Android\Android Studio\jre\bin\java.exe
0x0000000077990000 - 0x0000000077b3a000 	C:\Windows\SYSTEM32\ntdll.dll
0x0000000077770000 - 0x000000007788f000 	C:\Windows\system32\kernel32.dll
0x000007fefd970000 - 0x000007fefd9da000 	C:\Windows\system32\KERNELBASE.dll
0x000007fefdb00000 - 0x000007fefdbdb000 	C:\Windows\system32\ADVAPI32.dll
0x000007feff6c0000 - 0x000007feff75f000 	C:\Windows\system32\msvcrt.dll
0x000007fefdbe0000 - 0x000007fefdbff000 	C:\Windows\SYSTEM32\sechost.dll
0x000007feff890000 - 0x000007feff9bd000 	C:\Windows\system32\RPCRT4.dll
0x0000000077890000 - 0x000000007798a000 	C:\Windows\system32\USER32.dll
0x000007feffc30000 - 0x000007feffc97000 	C:\Windows\system32\GDI32.dll
0x000007fefe410000 - 0x000007fefe41e000 	C:\Windows\system32\LPK.dll
0x000007feff760000 - 0x000007feff829000 	C:\Windows\system32\USP10.dll
0x000007fefb970000 - 0x000007fefbb64000 	C:\Windows\WinSxS\amd64_microsoft.windows.common-controls_6595b64144ccf1df_6.0.7601.18837_none_fa3b1e3d17594757\COMCTL32.dll
0x000007feffbb0000 - 0x000007feffc21000 	C:\Windows\system32\SHLWAPI.dll
0x000007fefe770000 - 0x000007fefe79e000 	C:\Windows\system32\IMM32.DLL
0x000007fefdf00000 - 0x000007fefe009000 	C:\Windows\system32\MSCTF.dll
0x00000000688b0000 - 0x0000000068982000 	C:\Program Files\Android\Android Studio\jre\jre\bin\msvcr100.dll
0x00000000657d0000 - 0x0000000066016000 	C:\Program Files\Android\Android Studio\jre\jre\bin\server\jvm.dll
0x000007fedef10000 - 0x000007fedef19000 	C:\Windows\system32\WSOCK32.dll
0x000007fefe3c0000 - 0x000007fefe40d000 	C:\Windows\system32\WS2_32.dll
0x000007feffba0000 - 0x000007feffba8000 	C:\Windows\system32\NSI.dll
0x000007fefa240000 - 0x000007fefa27b000 	C:\Windows\system32\WINMM.dll
0x000007fefc850000 - 0x000007fefc85c000 	C:\Windows\system32\VERSION.dll
0x0000000077b60000 - 0x0000000077b67000 	C:\Windows\system32\PSAPI.DLL
0x000007fefb1c0000 - 0x000007fefb1cf000 	C:\Program Files\Android\Android Studio\jre\jre\bin\verify.dll
0x000007fedd8f0000 - 0x000007fedd919000 	C:\Program Files\Android\Android Studio\jre\jre\bin\java.dll
0x000007fee2e10000 - 0x000007fee2e26000 	C:\Program Files\Android\Android Studio\jre\jre\bin\zip.dll
0x000007fefe7a0000 - 0x000007feff52a000 	C:\Windows\system32\SHELL32.dll
0x000007fefe420000 - 0x000007fefe623000 	C:\Windows\system32\ole32.dll
0x000007fefd750000 - 0x000007fefd75f000 	C:\Windows\system32\profapi.dll
0x000007feddad0000 - 0x000007feddaea000 	C:\Program Files\Android\Android Studio\jre\jre\bin\net.dll
0x000007feff530000 - 0x000007feff6b5000 	C:\Windows\system32\urlmon.dll
0x000007fefdad0000 - 0x000007fefdad4000 	C:\Windows\system32\api-ms-win-downlevel-ole32-l1-1-0.dll
0x000007fefd8e0000 - 0x000007fefd8e4000 	C:\Windows\system32\api-ms-win-downlevel-shlwapi-l1-1-0.dll
0x000007fefda20000 - 0x000007fefda25000 	C:\Windows\system32\api-ms-win-downlevel-advapi32-l1-1-0.dll
0x000007fefd900000 - 0x000007fefd904000 	C:\Windows\system32\api-ms-win-downlevel-user32-l1-1-0.dll
0x000007fefd8f0000 - 0x000007fefd8f4000 	C:\Windows\system32\api-ms-win-downlevel-version-l1-1-0.dll
0x000007fefd760000 - 0x000007fefd763000 	C:\Windows\system32\api-ms-win-downlevel-normaliz-l1-1-0.dll
0x0000000077b50000 - 0x0000000077b53000 	C:\Windows\system32\normaliz.DLL
0x000007fefe010000 - 0x000007fefe2d7000 	C:\Windows\system32\iertutil.dll
0x000007fefdca0000 - 0x000007fefdefa000 	C:\Windows\system32\WININET.dll
0x000007fefdae0000 - 0x000007fefdafe000 	C:\Windows\system32\USERENV.dll
0x000007fefc510000 - 0x000007fefc530000 	C:\Windows\system32\PrxerDrv.dll
0x000007fefc660000 - 0x000007fefc663000 	C:\Windows\system32\api-ms-win-core-synch-l1-2-0.DLL
0x000007fefcee0000 - 0x000007fefcf35000 	C:\Windows\system32\mswsock.dll
0x000007fefced0000 - 0x000007fefced7000 	C:\Windows\System32\wship6.dll
0x000007fedd1a0000 - 0x000007fedd1b3000 	C:\Program Files\Android\Android Studio\jre\jre\bin\nio.dll
0x000007fef2a10000 - 0x000007fef2a36000 	C:\Users\Admin\.gradle\native\30\windows-amd64\native-platform.dll
0x000007fef8e90000 - 0x000007fef8e9d000 	C:\Program Files\Android\Android Studio\jre\jre\bin\management.dll
0x000007fefcf40000 - 0x000007fefcf58000 	C:\Windows\system32\CRYPTSP.dll
0x000007fefcc40000 - 0x000007fefcc87000 	C:\Windows\system32\rsaenh.dll
0x000007fefd5e0000 - 0x000007fefd5ef000 	C:\Windows\system32\CRYPTBASE.dll
0x000007fefc820000 - 0x000007fefc847000 	C:\Windows\system32\IPHLPAPI.DLL
0x000007fefc810000 - 0x000007fefc81b000 	C:\Windows\system32\WINNSI.DLL
0x000007fefad80000 - 0x000007fefad91000 	C:\Windows\system32\dhcpcsvc6.DLL
0x000007fefc700000 - 0x000007fefc718000 	C:\Windows\system32\dhcpcsvc.DLL

VM Arguments:
jvm_args: -Xmx1536m -Dfile.encoding=windows-1252 -Duser.country=IN -Duser.language=en -Duser.variant 
java_command: org.gradle.launcher.daemon.bootstrap.GradleDaemon 5.6.4
java_class_path (initial): C:\Users\Admin\.gradle\wrapper\dists\gradle-5.6.4-all\ankdp27end7byghfw1q2sw75f\gradle-5.6.4\lib\gradle-launcher-5.6.4.jar
Launcher Type: SUN_STANDARD

Environment Variables:
PATH=C:\Program Files\Java\jdk1.8.0_191\bin;C:\Program Files\Git\cmd;C:\Program Files\MySQL\MySQL Shell 8.0\bin\
USERNAME=Admin
OS=Windows_NT
PROCESSOR_IDENTIFIER=Intel64 Family 6 Model 58 Stepping 9, GenuineIntel



---------------  S Y S T E M  ---------------

OS: Windows 7 , 64 bit Build 7601 (6.1.7601.23391)

CPU:total 4 (initial active 4) (2 cores per cpu, 2 threads per core) family 6 model 58 stepping 9, cmov, cx8, fxsr, mmx, sse, sse2, sse3, ssse3, sse4.1, sse4.2, popcnt, avx, clmul, erms, ht, tsc, tscinvbit, tscinv

Memory: 4k page, physical 4085196k(350232k free), swap 22465520k(5108k free)

vm_info: OpenJDK 64-Bit Server VM (25.212-b04) for windows-amd64 JRE (1.8.0_212-release-1586-b04), built by "builder" with MS VC++ 10.0 (VS2010)

time: Mon Apr 27 22:26:41 2020
timezone: India Standard Time
elapsed time: 2 seconds (0d 0h 0m 2s)

